{
  "RSpec": {
    "coverage": {
      "/Users/miverso2/rubymine/legion/legion-apollo/lib/legion/apollo.rb": {
        "lines": [
          null,
          null,
          1,
          1,
          1,
          null,
          1,
          null,
          null,
          null,
          1,
          1,
          1,
          11,
          null,
          10,
          10,
          10,
          null,
          10,
          10,
          null,
          null,
          1,
          9,
          9,
          9,
          9,
          null,
          null,
          1,
          74,
          null,
          null,
          1,
          0,
          null,
          null,
          1,
          3,
          null,
          2,
          2,
          null,
          2,
          null,
          2,
          0,
          2,
          0,
          null,
          2,
          null,
          null,
          null,
          1,
          2,
          null,
          1,
          null,
          1,
          0,
          1,
          0,
          null,
          1,
          null,
          null,
          null,
          1,
          1,
          null,
          null,
          1,
          5,
          null,
          null,
          1,
          5,
          null,
          null,
          1,
          null,
          1,
          10,
          null,
          10,
          10,
          null,
          0,
          null,
          null,
          1,
          10,
          null,
          null,
          0,
          null,
          null,
          1,
          10,
          null,
          null,
          0,
          null,
          null,
          1,
          2,
          null,
          0,
          null,
          null,
          0,
          null,
          null,
          1,
          1,
          null,
          0,
          null,
          null,
          0,
          null,
          null,
          1,
          0,
          null,
          0,
          null,
          null,
          1,
          0,
          null,
          0,
          null,
          null,
          1,
          0,
          0,
          0,
          null,
          0,
          null,
          null,
          1,
          0,
          0,
          0,
          null,
          0,
          null,
          null,
          1,
          4,
          null,
          4,
          null,
          0,
          null,
          null,
          1,
          2,
          null,
          null,
          null,
          null
        ]
      },
      "/Users/miverso2/rubymine/legion/legion-apollo/lib/legion/apollo/settings.rb": {
        "lines": [
          null,
          null,
          1,
          1,
          null,
          1,
          1,
          84,
          null,
          null,
          null,
          null,
          null,
          null,
          null,
          null,
          null,
          null,
          null,
          1,
          84,
          null,
          null,
          null,
          null,
          null,
          null,
          null,
          null,
          null,
          null,
          null
        ]
      },
      "/Users/miverso2/rubymine/legion/legion-apollo/lib/legion/apollo/local.rb": {
        "lines": [
          null,
          null,
          1,
          1,
          null,
          1,
          1,
          null,
          null,
          1,
          1,
          null,
          1,
          1,
          18,
          18,
          17,
          null,
          16,
          16,
          16,
          null,
          null,
          1,
          18,
          18,
          null,
          null,
          1,
          61,
          null,
          null,
          1,
          30,
          null,
          29,
          29,
          null,
          28,
          28,
          28,
          null,
          null,
          28,
          null,
          null,
          28,
          null,
          null,
          null,
          null,
          null,
          null,
          null,
          null,
          null,
          null,
          28,
          28,
          null,
          28,
          null,
          0,
          null,
          null,
          1,
          7,
          null,
          6,
          6,
          6,
          null,
          6,
          6,
          6,
          6,
          null,
          6,
          null,
          0,
          null,
          null,
          1,
          1,
          null,
          null,
          1,
          0,
          null,
          null,
          1,
          null,
          1,
          18,
          null,
          18,
          18,
          null,
          18,
          18,
          null,
          18,
          null,
          0,
          null,
          null,
          1,
          17,
          null,
          0,
          null,
          null,
          1,
          147,
          null,
          null,
          1,
          29,
          29,
          null,
          null,
          1,
          29,
          null,
          0,
          null,
          null,
          1,
          28,
          27,
          null,
          null,
          1,
          1,
          1,
          1,
          null,
          0,
          null,
          null,
          0,
          null,
          null,
          1,
          28,
          28,
          null,
          null,
          1,
          28,
          null,
          28,
          null,
          0,
          null,
          null,
          1,
          6,
          6,
          6,
          null,
          null,
          null,
          null,
          null,
          null,
          0,
          null,
          null,
          null,
          null,
          null,
          null,
          1,
          12,
          6,
          1,
          1,
          1,
          1,
          null,
          null,
          6,
          null,
          null,
          1,
          1,
          null,
          1,
          null,
          0,
          null,
          null,
          1,
          6,
          null,
          null,
          1,
          0,
          0,
          0,
          null,
          0,
          0,
          0,
          0,
          null,
          0,
          null,
          0,
          null,
          null,
          0,
          null,
          0,
          null,
          null,
          1,
          0,
          null,
          0,
          0,
          null,
          0,
          null,
          null,
          1,
          71,
          null,
          71,
          71,
          null,
          71,
          null,
          0,
          null,
          null,
          1,
          2,
          null,
          null,
          null,
          null,
          null
        ]
      },
      "/Users/miverso2/rubymine/legion/legion-apollo/lib/legion/apollo/helpers/confidence.rb": {
        "lines": [
          null,
          null,
          1,
          1,
          1,
          null,
          null,
          1,
          1,
          1,
          1,
          1,
          1,
          1,
          1,
          null,
          1,
          null,
          1,
          null,
          null,
          null,
          null,
          1,
          null,
          1,
          2,
          null,
          null,
          1,
          2,
          null,
          null,
          1,
          2,
          null,
          null,
          1,
          2,
          null,
          null,
          1,
          0,
          null,
          0,
          null,
          0,
          null,
          null,
          null,
          null,
          null
        ]
      },
      "/Users/miverso2/rubymine/legion/legion-apollo/lib/legion/apollo/helpers/similarity.rb": {
        "lines": [
          null,
          null,
          1,
          1,
          1,
          null,
          1,
          1,
          1,
          1,
          1,
          null,
          1,
          null,
          1,
          5,
          3,
          null,
          2,
          2,
          2,
          null,
          2,
          5,
          5,
          5,
          5,
          5,
          null,
          null,
          2,
          2,
          null,
          null,
          1,
          5,
          1,
          1,
          1,
          1,
          1,
          null,
          null,
          null,
          null,
          null,
          null
        ]
      },
      "/Users/miverso2/rubymine/legion/legion-apollo/lib/legion/apollo/helpers/tag_normalizer.rb": {
        "lines": [
          null,
          null,
          1,
          1,
          1,
          null,
          1,
          1,
          1,
          null,
          1,
          null,
          1,
          5,
          null,
          4,
          34,
          null,
          null,
          null,
          null,
          null,
          1,
          34,
          null,
          34,
          34,
          34,
          null,
          null,
          null,
          null,
          null
        ]
      },
      "/Users/miverso2/rubymine/legion/legion-apollo/lib/legion/apollo/messages/ingest.rb": {
        "lines": [
          null,
          null,
          1,
          1,
          1,
          null,
          1,
          1,
          1,
          null,
          1,
          1,
          null,
          0,
          0,
          null,
          null,
          null,
          null,
          null
        ]
      },
      "/Users/miverso2/rubymine/legion/legion-apollo/lib/legion/apollo/messages/query.rb": {
        "lines": [
          null,
          null,
          1,
          1,
          1,
          null,
          1,
          1,
          1,
          null,
          1,
          0,
          null,
          0,
          0,
          null,
          null,
          null,
          null,
          null
        ]
      },
      "/Users/miverso2/rubymine/legion/legion-apollo/lib/legion/apollo/messages/writeback.rb": {
        "lines": [
          null,
          null,
          1,
          1,
          1,
          null,
          1,
          1,
          1,
          null,
          1,
          0,
          null,
          0,
          0,
          null,
          null,
          null,
          null,
          null
        ]
      },
      "/Users/miverso2/rubymine/legion/legion-apollo/lib/legion/apollo/messages/access_boost.rb": {
        "lines": [
          null,
          null,
          1,
          1,
          1,
          null,
          1,
          1,
          1,
          null,
          1,
          0,
          null,
          0,
          0,
          null,
          null,
          null,
          null,
          null
        ]
      },
      "/Users/miverso2/rubymine/legion/legion-apollo/lib/legion/apollo/local/migrations/001_create_local_knowledge.rb": {
        "lines": [
          null,
          null,
          1,
          1,
          1,
          1,
          1,
          1,
          1,
          1,
          1,
          1,
          1,
          1,
          1,
          1,
          1,
          1,
          null,
          1,
          1,
          1,
          null,
          null,
          1,
          null,
          1,
          null,
          null,
          1,
          0,
          0,
          null,
          null
        ]
      }
    },
    "timestamp": 1774498479
  }
}
